frontend/src/hooks/__tests__/useErrorHandler.test.ts(37,12): error TS1005: '>' expected.
frontend/src/hooks/__tests__/useErrorHandler.test.ts(37,23): error TS1005: ')' expected.
frontend/src/hooks/__tests__/useErrorHandler.test.ts(38,18): error TS1005: ',' expected.
frontend/src/hooks/__tests__/useErrorHandler.test.ts(38,44): error TS1005: ';' expected.
frontend/src/hooks/__tests__/useErrorHandler.test.ts(39,8): error TS1110: Type expected.
frontend/src/hooks/__tests__/useErrorHandler.test.ts(40,12): error TS1005: ';' expected.
frontend/src/hooks/__tests__/useErrorHandler.test.ts(40,23): error TS1005: ';' expected.
frontend/src/hooks/__tests__/useErrorHandler.test.ts(41,23): error TS1005: ',' expected.
frontend/src/hooks/__tests__/useErrorHandler.test.ts(42,8): error TS1161: Unterminated regular expression literal.
frontend/src/hooks/__tests__/useErrorHandler.test.ts(44,18): error TS1136: Property assignment expected.
frontend/src/hooks/__tests__/useErrorHandler.test.ts(44,21): error TS1005: ';' expected.
frontend/src/hooks/__tests__/useErrorHandler.test.ts(44,60): error TS1128: Declaration or statement expected.
frontend/src/hooks/__tests__/useErrorHandler.test.ts(45,20): error TS1005: ';' expected.
frontend/src/hooks/__tests__/useErrorHandler.test.ts(47,17): error TS1005: ';' expected.
frontend/src/hooks/__tests__/useErrorHandler.test.ts(48,8): error TS1161: Unterminated regular expression literal.
frontend/src/hooks/__tests__/useErrorHandler.test.ts(51,20): error TS1005: ';' expected.
frontend/src/hooks/__tests__/useErrorHandler.test.ts(53,15): error TS1005: ';' expected.
frontend/src/hooks/__tests__/useErrorHandler.test.ts(54,8): error TS1161: Unterminated regular expression literal.
frontend/src/hooks/__tests__/useErrorHandler.test.ts(55,6): error TS1161: Unterminated regular expression literal.
frontend/src/hooks/__tests__/useErrorHandler.test.ts(56,3): error TS1128: Declaration or statement expected.
frontend/src/hooks/__tests__/useErrorHandler.test.ts(57,1): error TS1128: Declaration or statement expected.
frontend/src/hooks/__tests__/useErrorHandler.test.ts(64,6): error TS1161: Unterminated regular expression literal.
frontend/src/hooks/__tests__/useErrorHandler.test.ts(148,27): error TS1005: '>' expected.
frontend/src/hooks/useErrorHandler.ts(130,23): error TS1005: '>' expected.
frontend/src/hooks/useErrorHandler.ts(130,34): error TS1005: ';' expected.
frontend/src/hooks/useErrorHandler.ts(130,57): error TS1109: Expression expected.
frontend/src/hooks/useErrorHandler.ts(130,58): error TS1109: Expression expected.
