src/routes/auth.routes.ts(4,27): error TS6133: 'ValidationError' is declared but its value is never read.
src/routes/auth.routes.ts(10,31): error TS6133: 'res' is declared but its value is never read.
src/routes/auth.routes.ts(12,68): error TS2339: Property 'run' does not exist on type 'ValidationChain'.
src/routes/auth.routes.ts(57,25): error TS2339: Property 'notEmpty' does not exist on type 'ValidationChain'.
src/routes/auth.routes.ts(75,22): error TS2339: Property 'notEmpty' does not exist on type 'ValidationChain'.
src/routes/auth.routes.ts(92,26): error TS2339: Property 'notEmpty' does not exist on type 'ValidationChain'.
src/routes/auth.routes.ts(109,26): error TS2339: Property 'notEmpty' does not exist on type 'ValidationChain'.
src/routes/auth.routes.ts(143,19): error TS2339: Property 'notEmpty' does not exist on type 'ValidationChain'.
src/routes/auth.routes.ts(161,20): error TS2339: Property 'notEmpty' does not exist on type 'ValidationChain'.
src/services/auth.service.ts(2,30): error TS2307: Cannot find module 'google-auth-library' or its corresponding type declarations.
src/services/autoModeration.service.ts(5,1): error TS6192: All imports in import declaration are unused.
src/services/autoModeration.service.ts(138,54): error TS6133: 'metadata' is declared but its value is never read.
src/services/autoModeration.service.ts(159,54): error TS6133: 'metadata' is declared but its value is never read.
src/services/autoModeration.service.ts(170,34): error TS6133: 'metadata' is declared but its value is never read.
src/services/autoModeration.service.ts(176,49): error TS7006: Parameter 'w' implicitly has an 'any' type.
src/services/autoModeration.service.ts(194,54): error TS6133: 'metadata' is declared but its value is never read.
src/services/autoModeration.service.ts(222,54): error TS6133: 'metadata' is declared but its value is never read.
src/services/imageModeration.service.ts(388,40): error TS2322: Type 'Buffer<ArrayBufferLike>' is not assignable to type 'BlobPart'.
  Type 'Buffer<ArrayBufferLike>' is not assignable to type 'ArrayBufferView<ArrayBuffer>'.
    Types of property 'buffer' are incompatible.
      Type 'ArrayBufferLike' is not assignable to type 'ArrayBuffer'.
        Type 'SharedArrayBuffer' is not assignable to type 'ArrayBuffer'.
          Types of property '[Symbol.toStringTag]' are incompatible.
            Type '"SharedArrayBuffer"' is not assignable to type '"ArrayBuffer"'.
src/test-auto-moderation.ts(2,1): error TS6133: 'autoModerationService' is declared but its value is never read.
src/test-knex-import.ts(2,1): error TS6133: 'Knex' is declared but its value is never read.
src/utils/logger.ts(80,1): error TS2322: Type '{ write: (message: string) => void; }' is not assignable to type '((options?: any) => ReadableStream) & { write: (message: string) => void; }'.
  Type '{ write: (message: string) => void; }' is not assignable to type '(options?: any) => ReadableStream'.
    Type '{ write: (message: string) => void; }' provides no match for the signature '(options?: any): ReadableStream'.
